{"__type":"$$EventMessageAudit","id":"7d050e22-d1e7-4476-9158-2211f1e10db7","ts":"2025-10-29T20:34:32.224+00:00","eventName":"n8n.audit.workflow.created","message":"n8n.audit.workflow.created","payload":{"userId":"d27fa49b-5991-473b-ad99-a3d92bee0d12","_email":"jobpixie452@gmail.com","_firstName":"job","_lastName":"pixie","globalRole":"global:owner","workflowId":"1SPbHilxQXYvz3KQ","workflowName":"My workflow"}}
{"__type":"$$EventMessageConfirm","confirm":"7d050e22-d1e7-4476-9158-2211f1e10db7","ts":"2025-10-29T20:34:32.224+00:00","source":{"id":"0","name":"eventBus"}}
{"__type":"$$EventMessageAudit","id":"77f26a38-3609-4bd8-9f9f-ea3b1b0109e5","ts":"2025-10-29T20:38:29.957+00:00","eventName":"n8n.audit.workflow.updated","message":"n8n.audit.workflow.updated","payload":{"userId":"d27fa49b-5991-473b-ad99-a3d92bee0d12","_email":"jobpixie452@gmail.com","_firstName":"job","_lastName":"pixie","globalRole":"global:owner","workflowId":"1SPbHilxQXYvz3KQ","workflowName":"My workflow"}}
{"__type":"$$EventMessageConfirm","confirm":"77f26a38-3609-4bd8-9f9f-ea3b1b0109e5","ts":"2025-10-29T20:38:29.958+00:00","source":{"id":"0","name":"eventBus"}}
{"__type":"$$EventMessageAudit","id":"d88ca0c1-4867-451d-a921-da07f4561dd1","ts":"2025-10-29T20:43:26.682+00:00","eventName":"n8n.audit.user.api.created","message":"n8n.audit.user.api.created","payload":{"userId":"d27fa49b-5991-473b-ad99-a3d92bee0d12","_email":"jobpixie452@gmail.com","_firstName":"job","_lastName":"pixie","globalRole":"global:owner"}}
{"__type":"$$EventMessageConfirm","confirm":"d88ca0c1-4867-451d-a921-da07f4561dd1","ts":"2025-10-29T20:43:26.683+00:00","source":{"id":"0","name":"eventBus"}}
{"__type":"$$EventMessageAudit","id":"b4516b4e-df0f-4955-b04c-33fe4924d367","ts":"2025-10-29T20:47:15.298+00:00","eventName":"n8n.audit.user.credentials.created","message":"n8n.audit.user.credentials.created","payload":{"userId":"d27fa49b-5991-473b-ad99-a3d92bee0d12","_email":"jobpixie452@gmail.com","_firstName":"job","_lastName":"pixie","globalRole":"global:owner","credentialType":"n8nApi","credentialId":"rFsLS82RGleyapUi","publicApi":false,"projectId":"MNN6I3Aq8chOdsCX","projectType":"personal"}}
{"__type":"$$EventMessageConfirm","confirm":"b4516b4e-df0f-4955-b04c-33fe4924d367","ts":"2025-10-29T20:47:15.298+00:00","source":{"id":"0","name":"eventBus"}}
{"__type":"$$EventMessageAudit","id":"9ca44588-0994-451f-8d4a-55cbbf4d81de","ts":"2025-10-29T21:47:59.421+01:00","eventName":"n8n.audit.workflow.created","message":"n8n.audit.workflow.created","payload":{"userId":"d27fa49b-5991-473b-ad99-a3d92bee0d12","_email":"jobpixie452@gmail.com","_firstName":"job","_lastName":"pixie","globalRole":"global:owner","workflowId":"MM65kTLwofV8qphW","workflowName":"My workflow 2"}}
{"__type":"$$EventMessageConfirm","confirm":"9ca44588-0994-451f-8d4a-55cbbf4d81de","ts":"2025-10-29T21:47:59.422+01:00","source":{"id":"0","name":"eventBus"}}
{"__type":"$$EventMessageAudit","id":"baf2a518-2921-4b38-be01-9efa46311075","ts":"2025-10-29T21:48:45.189+01:00","eventName":"n8n.audit.user.credentials.updated","message":"n8n.audit.user.credentials.updated","payload":{"userId":"d27fa49b-5991-473b-ad99-a3d92bee0d12","_email":"jobpixie452@gmail.com","_firstName":"job","_lastName":"pixie","globalRole":"global:owner","credentialType":"n8nApi","credentialId":"rFsLS82RGleyapUi"}}
{"__type":"$$EventMessageConfirm","confirm":"baf2a518-2921-4b38-be01-9efa46311075","ts":"2025-10-29T21:48:45.189+01:00","source":{"id":"0","name":"eventBus"}}
{"__type":"$$EventMessageAudit","id":"8fbc598a-c699-41e5-ae0c-341686aea3a3","ts":"2025-10-29T21:58:04.808+01:00","eventName":"n8n.audit.workflow.updated","message":"n8n.audit.workflow.updated","payload":{"userId":"d27fa49b-5991-473b-ad99-a3d92bee0d12","_email":"jobpixie452@gmail.com","_firstName":"job","_lastName":"pixie","globalRole":"global:owner","workflowId":"MM65kTLwofV8qphW","workflowName":"My workflow 2"}}
{"__type":"$$EventMessageConfirm","confirm":"8fbc598a-c699-41e5-ae0c-341686aea3a3","ts":"2025-10-29T21:58:04.808+01:00","source":{"id":"0","name":"eventBus"}}
{"__type":"$$EventMessageAudit","id":"3dbff953-ea2f-4b73-8793-00885530244a","ts":"2025-10-29T22:06:40.436+01:00","eventName":"n8n.audit.workflow.updated","message":"n8n.audit.workflow.updated","payload":{"userId":"d27fa49b-5991-473b-ad99-a3d92bee0d12","_email":"jobpixie452@gmail.com","_firstName":"job","_lastName":"pixie","globalRole":"global:owner","workflowId":"MM65kTLwofV8qphW","workflowName":"backupN8n"}}
{"__type":"$$EventMessageConfirm","confirm":"3dbff953-ea2f-4b73-8793-00885530244a","ts":"2025-10-29T22:06:40.436+01:00","source":{"id":"0","name":"eventBus"}}
{"__type":"$$EventMessageWorkflow","id":"b568d482-1898-494b-a433-6a1974553368","ts":"2025-10-29T22:07:07.106+01:00","eventName":"n8n.workflow.started","message":"n8n.workflow.started","payload":{"executionId":"1","workflowId":"MM65kTLwofV8qphW","isManual":false,"workflowName":"backupN8n"}}
{"__type":"$$EventMessageConfirm","confirm":"b568d482-1898-494b-a433-6a1974553368","ts":"2025-10-29T22:07:07.106+01:00","source":{"id":"0","name":"eventBus"}}
{"__type":"$$EventMessageNode","id":"aa1af37e-4996-4026-91bc-5c2f620edf21","ts":"2025-10-29T22:07:07.111+01:00","eventName":"n8n.node.started","message":"n8n.node.started","payload":{"workflowId":"MM65kTLwofV8qphW","workflowName":"backupN8n","executionId":"1","nodeType":"n8n-nodes-base.scheduleTrigger","nodeName":"Schedule Trigger","nodeId":"79522ff3-47b1-46f8-b2cf-76f7ffcb4f19"}}
{"__type":"$$EventMessageConfirm","confirm":"aa1af37e-4996-4026-91bc-5c2f620edf21","ts":"2025-10-29T22:07:07.111+01:00","source":{"id":"0","name":"eventBus"}}
{"__type":"$$EventMessageNode","id":"79af23ff-d9b7-4702-ba62-f624e52d1c09","ts":"2025-10-29T22:07:07.138+01:00","eventName":"n8n.node.finished","message":"n8n.node.finished","payload":{"workflowId":"MM65kTLwofV8qphW","workflowName":"backupN8n","executionId":"1","nodeType":"n8n-nodes-base.scheduleTrigger","nodeName":"Schedule Trigger","nodeId":"79522ff3-47b1-46f8-b2cf-76f7ffcb4f19"}}
{"__type":"$$EventMessageConfirm","confirm":"79af23ff-d9b7-4702-ba62-f624e52d1c09","ts":"2025-10-29T22:07:07.140+01:00","source":{"id":"0","name":"eventBus"}}
{"__type":"$$EventMessageNode","id":"87d4045e-0623-42a1-88b3-80bd564e5bc9","ts":"2025-10-29T22:07:07.142+01:00","eventName":"n8n.node.started","message":"n8n.node.started","payload":{"workflowId":"MM65kTLwofV8qphW","workflowName":"backupN8n","executionId":"1","nodeType":"n8n-nodes-base.n8n","nodeName":"Get many workflows","nodeId":"30a33e70-14c7-49bc-99ae-3c5cc4c5a32c"}}
{"__type":"$$EventMessageConfirm","confirm":"87d4045e-0623-42a1-88b3-80bd564e5bc9","ts":"2025-10-29T22:07:07.142+01:00","source":{"id":"0","name":"eventBus"}}
{"__type":"$$EventMessageNode","id":"6a695c1a-ba39-4f96-baa2-72dc6ceefd0a","ts":"2025-10-29T22:07:07.297+01:00","eventName":"n8n.node.finished","message":"n8n.node.finished","payload":{"workflowId":"MM65kTLwofV8qphW","workflowName":"backupN8n","executionId":"1","nodeType":"n8n-nodes-base.n8n","nodeName":"Get many workflows","nodeId":"30a33e70-14c7-49bc-99ae-3c5cc4c5a32c"}}
{"__type":"$$EventMessageConfirm","confirm":"6a695c1a-ba39-4f96-baa2-72dc6ceefd0a","ts":"2025-10-29T22:07:07.298+01:00","source":{"id":"0","name":"eventBus"}}
{"__type":"$$EventMessageWorkflow","id":"a0889f2a-aa45-4f0a-bfe4-7851b177fa20","ts":"2025-10-29T22:07:07.307+01:00","eventName":"n8n.workflow.success","message":"n8n.workflow.success","payload":{"userId":"d27fa49b-5991-473b-ad99-a3d92bee0d12","executionId":"1","success":true,"isManual":true,"workflowId":"MM65kTLwofV8qphW","workflowName":"backupN8n"}}
{"__type":"$$EventMessageConfirm","confirm":"a0889f2a-aa45-4f0a-bfe4-7851b177fa20","ts":"2025-10-29T22:07:07.307+01:00","source":{"id":"0","name":"eventBus"}}
{"__type":"$$EventMessageAudit","id":"c6264398-b9ad-4a40-8e4c-fe8a4965d46b","ts":"2025-10-29T22:23:14.171+01:00","eventName":"n8n.audit.workflow.updated","message":"n8n.audit.workflow.updated","payload":{"userId":"d27fa49b-5991-473b-ad99-a3d92bee0d12","_email":"jobpixie452@gmail.com","_firstName":"job","_lastName":"pixie","globalRole":"global:owner","workflowId":"MM65kTLwofV8qphW","workflowName":"backupN8n"}}
{"__type":"$$EventMessageConfirm","confirm":"c6264398-b9ad-4a40-8e4c-fe8a4965d46b","ts":"2025-10-29T22:23:14.172+01:00","source":{"id":"0","name":"eventBus"}}
