{"__type":"$$EventMessageAudit","id":"b4a181c5-de8a-4fe4-8d87-c589c06a5ffc","ts":"2025-10-30T20:31:55.878+00:00","eventName":"n8n.audit.user.login.success","message":"n8n.audit.user.login.success","payload":{"userId":"d27fa49b-5991-473b-ad99-a3d92bee0d12","_email":"jobpixie452@gmail.com","_firstName":"job","_lastName":"pixie","globalRole":"global:owner","authenticationMethod":"email"}}
{"__type":"$$EventMessageConfirm","confirm":"b4a181c5-de8a-4fe4-8d87-c589c06a5ffc","ts":"2025-10-30T20:31:55.879+00:00","source":{"id":"0","name":"eventBus"}}
{"__type":"$$EventMessageWorkflow","id":"9973d650-fdef-44b7-bb9f-b88f7ce4c31b","ts":"2025-10-30T20:32:01.547+00:00","eventName":"n8n.workflow.started","message":"n8n.workflow.started","payload":{"executionId":"44","workflowId":"BmdBS8kauHKuSBNN","isManual":false,"workflowName":"Savegarde Workflow && Credential"}}
{"__type":"$$EventMessageConfirm","confirm":"9973d650-fdef-44b7-bb9f-b88f7ce4c31b","ts":"2025-10-30T20:32:01.547+00:00","source":{"id":"0","name":"eventBus"}}
{"__type":"$$EventMessageNode","id":"3c4ddb12-1ab5-4fe7-81a9-3933688a2aa2","ts":"2025-10-30T20:32:01.551+00:00","eventName":"n8n.node.started","message":"n8n.node.started","payload":{"workflowId":"BmdBS8kauHKuSBNN","workflowName":"Savegarde Workflow && Credential","executionId":"44","nodeType":"n8n-nodes-base.scheduleTrigger","nodeName":"Schedule Trigger","nodeId":"20a77f30-7e9b-42a2-9711-eb4138247c2c"}}
{"__type":"$$EventMessageConfirm","confirm":"3c4ddb12-1ab5-4fe7-81a9-3933688a2aa2","ts":"2025-10-30T20:32:01.552+00:00","source":{"id":"0","name":"eventBus"}}
{"__type":"$$EventMessageNode","id":"467dbb79-f2bc-4328-99c3-39d67f5f1560","ts":"2025-10-30T20:32:01.589+00:00","eventName":"n8n.node.finished","message":"n8n.node.finished","payload":{"workflowId":"BmdBS8kauHKuSBNN","workflowName":"Savegarde Workflow && Credential","executionId":"44","nodeType":"n8n-nodes-base.scheduleTrigger","nodeName":"Schedule Trigger","nodeId":"20a77f30-7e9b-42a2-9711-eb4138247c2c"}}
{"__type":"$$EventMessageConfirm","confirm":"467dbb79-f2bc-4328-99c3-39d67f5f1560","ts":"2025-10-30T20:32:01.589+00:00","source":{"id":"0","name":"eventBus"}}
{"__type":"$$EventMessageNode","id":"dc0cf4db-fce4-415c-ada1-8d0737768a66","ts":"2025-10-30T20:32:01.591+00:00","eventName":"n8n.node.started","message":"n8n.node.started","payload":{"workflowId":"BmdBS8kauHKuSBNN","workflowName":"Savegarde Workflow && Credential","executionId":"44","nodeType":"n8n-nodes-base.set","nodeName":"Set Values","nodeId":"685e8542-c28c-4265-9265-084f02867fb9"}}
{"__type":"$$EventMessageConfirm","confirm":"dc0cf4db-fce4-415c-ada1-8d0737768a66","ts":"2025-10-30T20:32:01.591+00:00","source":{"id":"0","name":"eventBus"}}
{"__type":"$$EventMessageNode","id":"5a3cf91f-2105-42a2-ad9a-4f7789edafb2","ts":"2025-10-30T20:32:01.600+00:00","eventName":"n8n.node.finished","message":"n8n.node.finished","payload":{"workflowId":"BmdBS8kauHKuSBNN","workflowName":"Savegarde Workflow && Credential","executionId":"44","nodeType":"n8n-nodes-base.set","nodeName":"Set Values","nodeId":"685e8542-c28c-4265-9265-084f02867fb9"}}
{"__type":"$$EventMessageConfirm","confirm":"5a3cf91f-2105-42a2-ad9a-4f7789edafb2","ts":"2025-10-30T20:32:01.600+00:00","source":{"id":"0","name":"eventBus"}}
{"__type":"$$EventMessageNode","id":"bc006171-449b-4b1b-9ca5-5a8f6a6974c0","ts":"2025-10-30T20:32:01.602+00:00","eventName":"n8n.node.started","message":"n8n.node.started","payload":{"workflowId":"BmdBS8kauHKuSBNN","workflowName":"Savegarde Workflow && Credential","executionId":"44","nodeType":"n8n-nodes-base.executeCommand","nodeName":"Verification du repo","nodeId":"d6ce318c-7a81-4e57-a1c6-f766528af755"}}
{"__type":"$$EventMessageConfirm","confirm":"bc006171-449b-4b1b-9ca5-5a8f6a6974c0","ts":"2025-10-30T20:32:01.603+00:00","source":{"id":"0","name":"eventBus"}}
{"__type":"$$EventMessageNode","id":"e22285fb-ea6f-4d34-8d33-fb22d738cf06","ts":"2025-10-30T20:32:01.624+00:00","eventName":"n8n.node.finished","message":"n8n.node.finished","payload":{"workflowId":"BmdBS8kauHKuSBNN","workflowName":"Savegarde Workflow && Credential","executionId":"44","nodeType":"n8n-nodes-base.executeCommand","nodeName":"Verification du repo","nodeId":"d6ce318c-7a81-4e57-a1c6-f766528af755"}}
{"__type":"$$EventMessageConfirm","confirm":"e22285fb-ea6f-4d34-8d33-fb22d738cf06","ts":"2025-10-30T20:32:01.625+00:00","source":{"id":"0","name":"eventBus"}}
{"__type":"$$EventMessageNode","id":"88a7204d-8b22-43bd-9629-f8cff7899029","ts":"2025-10-30T20:32:01.626+00:00","eventName":"n8n.node.started","message":"n8n.node.started","payload":{"workflowId":"BmdBS8kauHKuSBNN","workflowName":"Savegarde Workflow && Credential","executionId":"44","nodeType":"n8n-nodes-base.if","nodeName":"If","nodeId":"2a329634-663a-488b-bb20-59c2ee2696a9"}}
{"__type":"$$EventMessageConfirm","confirm":"88a7204d-8b22-43bd-9629-f8cff7899029","ts":"2025-10-30T20:32:01.626+00:00","source":{"id":"0","name":"eventBus"}}
{"__type":"$$EventMessageNode","id":"73c1ac9f-a656-4ed6-bf8c-f5144e646676","ts":"2025-10-30T21:32:01.694+01:00","eventName":"n8n.node.finished","message":"n8n.node.finished","payload":{"workflowId":"BmdBS8kauHKuSBNN","workflowName":"Savegarde Workflow && Credential","executionId":"44","nodeType":"n8n-nodes-base.if","nodeName":"If","nodeId":"2a329634-663a-488b-bb20-59c2ee2696a9"}}
{"__type":"$$EventMessageConfirm","confirm":"73c1ac9f-a656-4ed6-bf8c-f5144e646676","ts":"2025-10-30T21:32:01.694+01:00","source":{"id":"0","name":"eventBus"}}
{"__type":"$$EventMessageNode","id":"d0d0e47e-3884-44bd-8b67-3566d58e6d7a","ts":"2025-10-30T21:32:01.696+01:00","eventName":"n8n.node.started","message":"n8n.node.started","payload":{"workflowId":"BmdBS8kauHKuSBNN","workflowName":"Savegarde Workflow && Credential","executionId":"44","nodeType":"n8n-nodes-base.executeCommand","nodeName":"creation d'un nouveau repo","nodeId":"cf764cad-6d8c-4efa-8e0e-74f10a600cbf"}}
{"__type":"$$EventMessageConfirm","confirm":"d0d0e47e-3884-44bd-8b67-3566d58e6d7a","ts":"2025-10-30T21:32:01.696+01:00","source":{"id":"0","name":"eventBus"}}
